<?xml version="1.0" encoding="UTF-8"?>
<testng-results ignored="0" total="1" passed="1" failed="0" skipped="0">
  <reporter-output>
  </reporter-output>
  <suite started-at="2023-05-30T14:14:19 IST" name="Default suite" finished-at="2023-05-30T14:14:21 IST" duration-ms="2027">
    <groups>
    </groups>
    <test started-at="2023-05-30T14:14:19 IST" name="Default test" finished-at="2023-05-30T14:14:21 IST" duration-ms="2027">
      <class name="api.qa.com.tests.put_BDD_APITest">
        <test-method signature="patch_POJOTest()[pri:0, instance:api.qa.com.tests.put_BDD_APITest@747edf66]" started-at="2023-05-30T14:14:19 IST" name="patch_POJOTest" finished-at="2023-05-30T14:14:21 IST" duration-ms="2004" status="PASS">
          <reporter-output>
          </reporter-output>
        </test-method> <!-- patch_POJOTest -->
      </class> <!-- api.qa.com.tests.put_BDD_APITest -->
    </test> <!-- Default test -->
  </suite> <!-- Default suite -->
</testng-results>
